<?xml version="1.0" encoding="UTF-8"?>
<testsuite xmlns:xsi="http://www.w3.org/2001/XMLSchema-instance" xsi:noNamespaceSchemaLocation="https://maven.apache.org/surefire/maven-surefire-plugin/xsd/surefire-test-report-3.0.xsd" version="3.0" name="fr.sii.register.RegisterApplicationTests" time="4.849" tests="1" errors="0" skipped="0" failures="0">
  <properties>
[...]
</properties>
  <testcase name="contextLoads" classname="fr.sii.register.RegisterApplicationTests" time="0.55">
    <system-out><![CDATA[10:39:04.008 [main] INFO org.springframework.test.context.support.AnnotationConfigContextLoaderUtils -- Could not detect default configuration classes for test class [fr.sii.register.RegisterApplicationTests]: RegisterApplicationTests does not declare any static, non-private, non-final, nested classes annotated with @Configuration.
10:39:04.116 [main] INFO org.springframework.boot.test.context.SpringBootTestContextBootstrapper -- Found @SpringBootConfiguration fr.sii.register.RegisterApplication for test class fr.sii.register.RegisterApplicationTests

  .   ____          _            __ _ _
 /\\ / ___'_ __ _ _(_)_ __  __ _ \ \ \ \
( ( )\___ | '_ | '_| | '_ \/ _` | \ \ \ \
 \\/  ___)| |_)| | | | | || (_| |  ) ) ) )
  '  |____| .__|_| |_|_| |_\__, | / / / /
 =========|_|==============|___/=/_/_/_/
 :: Spring Boot ::                (v3.1.4)

2023-10-10T10:39:04.523+02:00  INFO 20296 --- [           main] f.sii.register.RegisterApplicationTests  : Starting RegisterApplicationTests using Java 17.0.8.1 with PID 20296 (started by tom.poyeau in D:\Users\tom.poyeau\Documents\Projets\Enregistremans\register)
2023-10-10T10:39:04.525+02:00  INFO 20296 --- [           main] f.sii.register.RegisterApplicationTests  : No active profile set, falling back to 1 default profile: "default"
2023-10-10T10:39:05.158+02:00  INFO 20296 --- [           main] .s.d.r.c.RepositoryConfigurationDelegate : Bootstrapping Spring Data JPA repositories in DEFAULT mode.
2023-10-10T10:39:05.215+02:00  INFO 20296 --- [           main] .s.d.r.c.RepositoryConfigurationDelegate : Finished Spring Data repository scanning in 49 ms. Found 2 JPA repository interfaces.
2023-10-10T10:39:05.730+02:00  INFO 20296 --- [           main] o.hibernate.jpa.internal.util.LogHelper  : HHH000204: Processing PersistenceUnitInfo [name: default]
2023-10-10T10:39:05.796+02:00  INFO 20296 --- [           main] org.hibernate.Version                    : HHH000412: Hibernate ORM core version 6.2.9.Final
2023-10-10T10:39:05.798+02:00  INFO 20296 --- [           main] org.hibernate.cfg.Environment            : HHH000406: Using bytecode reflection optimizer
2023-10-10T10:39:05.942+02:00  INFO 20296 --- [           main] o.h.b.i.BytecodeProviderInitiator        : HHH000021: Bytecode provider name : bytebuddy
2023-10-10T10:39:06.111+02:00  INFO 20296 --- [           main] o.s.o.j.p.SpringPersistenceUnitInfo      : No LoadTimeWeaver setup: ignoring JPA class transformer
2023-10-10T10:39:06.128+02:00  INFO 20296 --- [           main] com.zaxxer.hikari.HikariDataSource       : HikariPool-1 - Starting...
2023-10-10T10:39:06.377+02:00  INFO 20296 --- [           main] com.zaxxer.hikari.pool.HikariPool        : HikariPool-1 - Added connection conn0: url=jdbc:h2:mem:634481b9-b04d-4062-8bf2-6f381a807fb9 user=SA
2023-10-10T10:39:06.379+02:00  INFO 20296 --- [           main] com.zaxxer.hikari.HikariDataSource       : HikariPool-1 - Start completed.
2023-10-10T10:39:06.712+02:00  INFO 20296 --- [           main] o.h.b.i.BytecodeProviderInitiator        : HHH000021: Bytecode provider name : bytebuddy
2023-10-10T10:39:07.131+02:00  INFO 20296 --- [           main] o.h.m.i.EntityInstantiatorPojoStandard   : HHH000182: No default (no-argument) constructor for class: fr.sii.register.model.Register (class must be instantiated by Interceptor)
2023-10-10T10:39:07.286+02:00  INFO 20296 --- [           main] o.h.e.t.j.p.i.JtaPlatformInitiator       : HHH000490: Using JtaPlatform implementation: [org.hibernate.engine.transaction.jta.platform.internal.NoJtaPlatform]
2023-10-10T10:39:07.338+02:00  INFO 20296 --- [           main] j.LocalContainerEntityManagerFactoryBean : Initialized JPA EntityManagerFactory for persistence unit 'default'
2023-10-10T10:39:07.742+02:00  WARN 20296 --- [           main] JpaBaseConfiguration$JpaWebConfiguration : spring.jpa.open-in-view is enabled by default. Therefore, database queries may be performed during view rendering. Explicitly configure spring.jpa.open-in-view to disable this warning
2023-10-10T10:39:08.113+02:00  INFO 20296 --- [           main] f.sii.register.RegisterApplicationTests  : Started RegisterApplicationTests in 3.83 seconds (process running for 4.794)
]]></system-out>
  </testcase>
</testsuite>